<?xml version="1.0" encoding="UTF-8"?>
<!-- Generated by org.testng.reporters.JUnitReportReporter -->
<testsuite hostname="SUNANDA" failures="0" tests="3" name="com.mavenexample.Practice1Test" time="0.009" errors="0" timestamp="2022-07-18T15:18:24 IST" skipped="0">
  <testcase classname="com.mavenexample.Practice1Test" name="practice2Test" time="0.001"/>
  <system-out/>
  <testcase classname="com.mavenexample.Practice1Test" name="practice1Test" time="0.007"/>
  <system-out/>
  <testcase classname="com.mavenexample.Practice1Test" name="practice3Test" time="0.001"/>
  <system-out/>
</testsuite> <!-- com.mavenexample.Practice1Test -->
