<?xml version="1.0" encoding="UTF-8"?>
<!-- Generated by org.testng.reporters.JUnitReportReporter -->
<testsuite hostname="SUNANDA" failures="0" tests="1" name="com.mavenexample.PracticeTest" time="0.008" errors="0" timestamp="2022-07-18T15:09:40 IST" skipped="0">
  <testcase classname="com.mavenexample.PracticeTest" name="practiceTest" time="0.008"/>
  <system-out/>
</testsuite> <!-- com.mavenexample.PracticeTest -->
