<?xml version="1.0" encoding="UTF-8"?>
<!-- Generated by org.testng.reporters.JUnitReportReporter -->
<testsuite hostname="SUNANDA" failures="0" tests="2" name="com.mavenexample.MavenTest" time="0.007" errors="0" timestamp="2022-07-18T16:42:23 IST" skipped="0">
  <testcase classname="com.mavenexample.MavenTest" name="cureTest1" time="0.001"/>
  <system-out/>
  <testcase classname="com.mavenexample.MavenTest" name="cureTest" time="0.006"/>
  <system-out/>
</testsuite> <!-- com.mavenexample.MavenTest -->
